[2020-08-31 09:20:51,576] INFO Starting the log cleaner (kafka.log.LogCleaner)
[2020-08-31 09:20:51,651] INFO [kafka-log-cleaner-thread-0]: Starting (kafka.log.LogCleaner)
[2020-08-31 09:52:29,378] INFO Shutting down the log cleaner. (kafka.log.LogCleaner)
[2020-08-31 09:52:29,380] INFO [kafka-log-cleaner-thread-0]: Shutting down (kafka.log.LogCleaner)
[2020-08-31 09:52:29,382] INFO [kafka-log-cleaner-thread-0]: Stopped (kafka.log.LogCleaner)
[2020-08-31 09:52:29,382] INFO [kafka-log-cleaner-thread-0]: Shutdown completed (kafka.log.LogCleaner)
[2020-08-31 10:00:21,880] INFO Starting the log cleaner (kafka.log.LogCleaner)
[2020-08-31 10:00:21,959] INFO [kafka-log-cleaner-thread-0]: Starting (kafka.log.LogCleaner)
[2020-08-31 10:01:31,308] INFO Shutting down the log cleaner. (kafka.log.LogCleaner)
[2020-08-31 10:01:31,308] INFO [kafka-log-cleaner-thread-0]: Shutting down (kafka.log.LogCleaner)
[2020-08-31 10:01:31,309] INFO [kafka-log-cleaner-thread-0]: Stopped (kafka.log.LogCleaner)
[2020-08-31 10:01:31,309] INFO [kafka-log-cleaner-thread-0]: Shutdown completed (kafka.log.LogCleaner)
[2020-08-31 14:20:35,395] INFO Starting the log cleaner (kafka.log.LogCleaner)
[2020-08-31 14:20:35,526] INFO [kafka-log-cleaner-thread-0]: Starting (kafka.log.LogCleaner)
[2020-09-01 09:41:47,462] INFO Starting the log cleaner (kafka.log.LogCleaner)
[2020-09-01 09:41:47,653] INFO [kafka-log-cleaner-thread-0]: Starting (kafka.log.LogCleaner)
[2020-09-01 10:12:51,713] INFO Shutting down the log cleaner. (kafka.log.LogCleaner)
[2020-09-01 10:12:51,718] INFO [kafka-log-cleaner-thread-0]: Shutting down (kafka.log.LogCleaner)
[2020-09-01 10:12:51,720] INFO [kafka-log-cleaner-thread-0]: Stopped (kafka.log.LogCleaner)
[2020-09-01 10:12:51,720] INFO [kafka-log-cleaner-thread-0]: Shutdown completed (kafka.log.LogCleaner)
[2020-09-01 10:30:50,109] INFO Starting the log cleaner (kafka.log.LogCleaner)
[2020-09-01 10:30:50,187] INFO [kafka-log-cleaner-thread-0]: Starting (kafka.log.LogCleaner)
[2020-09-01 13:34:57,027] INFO Shutting down the log cleaner. (kafka.log.LogCleaner)
[2020-09-01 13:34:57,035] INFO [kafka-log-cleaner-thread-0]: Shutting down (kafka.log.LogCleaner)
[2020-09-01 13:34:57,037] INFO [kafka-log-cleaner-thread-0]: Stopped (kafka.log.LogCleaner)
[2020-09-01 13:34:57,038] INFO [kafka-log-cleaner-thread-0]: Shutdown completed (kafka.log.LogCleaner)
[2020-09-01 13:35:40,479] INFO Starting the log cleaner (kafka.log.LogCleaner)
[2020-09-01 13:35:40,598] INFO [kafka-log-cleaner-thread-0]: Starting (kafka.log.LogCleaner)
[2020-09-01 17:39:21,344] INFO Shutting down the log cleaner. (kafka.log.LogCleaner)
[2020-09-01 17:39:21,350] INFO [kafka-log-cleaner-thread-0]: Shutting down (kafka.log.LogCleaner)
[2020-09-01 17:39:21,353] INFO [kafka-log-cleaner-thread-0]: Stopped (kafka.log.LogCleaner)
[2020-09-01 17:39:21,354] INFO [kafka-log-cleaner-thread-0]: Shutdown completed (kafka.log.LogCleaner)
[2020-09-01 19:46:55,286] INFO Starting the log cleaner (kafka.log.LogCleaner)
[2020-09-01 19:46:55,400] INFO [kafka-log-cleaner-thread-0]: Starting (kafka.log.LogCleaner)
[2020-09-01 19:50:52,202] INFO Shutting down the log cleaner. (kafka.log.LogCleaner)
[2020-09-01 19:50:52,205] INFO [kafka-log-cleaner-thread-0]: Shutting down (kafka.log.LogCleaner)
[2020-09-01 19:50:52,206] INFO [kafka-log-cleaner-thread-0]: Stopped (kafka.log.LogCleaner)
[2020-09-01 19:50:52,206] INFO [kafka-log-cleaner-thread-0]: Shutdown completed (kafka.log.LogCleaner)
[2020-09-03 10:09:25,653] INFO Starting the log cleaner (kafka.log.LogCleaner)
[2020-09-03 10:09:25,789] INFO [kafka-log-cleaner-thread-0]: Starting (kafka.log.LogCleaner)
[2020-09-03 11:21:54,828] INFO Shutting down the log cleaner. (kafka.log.LogCleaner)
[2020-09-03 11:21:54,831] INFO [kafka-log-cleaner-thread-0]: Shutting down (kafka.log.LogCleaner)
[2020-09-03 11:21:54,832] INFO [kafka-log-cleaner-thread-0]: Stopped (kafka.log.LogCleaner)
[2020-09-03 11:21:54,832] INFO [kafka-log-cleaner-thread-0]: Shutdown completed (kafka.log.LogCleaner)
[2020-09-04 16:39:35,002] INFO Starting the log cleaner (kafka.log.LogCleaner)
[2020-09-04 16:39:35,178] INFO [kafka-log-cleaner-thread-0]: Starting (kafka.log.LogCleaner)
[2020-09-07 07:40:31,600] INFO Starting the log cleaner (kafka.log.LogCleaner)
[2020-09-07 07:40:31,780] INFO [kafka-log-cleaner-thread-0]: Starting (kafka.log.LogCleaner)
[2020-09-07 08:07:47,137] INFO Shutting down the log cleaner. (kafka.log.LogCleaner)
[2020-09-07 08:07:47,141] INFO [kafka-log-cleaner-thread-0]: Shutting down (kafka.log.LogCleaner)
[2020-09-07 08:07:47,142] INFO [kafka-log-cleaner-thread-0]: Stopped (kafka.log.LogCleaner)
[2020-09-07 08:07:47,142] INFO [kafka-log-cleaner-thread-0]: Shutdown completed (kafka.log.LogCleaner)
